app/build/intermediates/manifest_merge_blame_file/debug/manifest-merger-blame-debug-report.txt
1<?xml version="1.0" encoding="utf-8"?>
2<manifest xmlns:android="http://schemas.android.com/apk/res/android"
3    package="com.udacity.mytodo"
4    android:versionCode="1"
5    android:versionName="1.0" >
6
7    <uses-sdk
8        android:minSdkVersion="18"
8-->src/main/AndroidManifest.xml
9        android:targetSdkVersion="30" />
9-->src/main/AndroidManifest.xml
10    <!--
11         The ACCESS_COARSE/FINE_LOCATION permissions are not required to use
12         Google Maps Android API v2, but you must specify either coarse or fine
13         location permissions for the 'MyLocation' functionality.
14    -->
15    <uses-permission android:name="android.permission.ACCESS_FINE_LOCATION" />
15-->src/main/AndroidManifest.xml:9:5-79
15-->src/main/AndroidManifest.xml:9:22-76
16    <!-- The BACKGROUND_LOCATION permission is required for geofencing functionality to work on Q+ -->
17    <uses-permission android:name="android.permission.ACCESS_BACKGROUND_LOCATION" />
17-->src/main/AndroidManifest.xml:11:5-85
17-->src/main/AndroidManifest.xml:11:22-82
18    <uses-permission android:name="android.permission.INTERNET" />
18-->src/main/AndroidManifest.xml:13:5-67
18-->src/main/AndroidManifest.xml:13:22-64
19    <uses-permission android:name="android.permission.WAKE_LOCK" />
19-->src/main/AndroidManifest.xml:15:5-68
19-->src/main/AndroidManifest.xml:15:22-65
20    <uses-permission android:name="android.permission.ACCESS_NETWORK_STATE" />
20-->[com.firebaseui:firebase-ui-auth:5.0.0] AndroidManifest.xml:12:5-79
20-->[com.firebaseui:firebase-ui-auth:5.0.0] AndroidManifest.xml:12:22-76
21    <uses-permission android:name="android.permission.REORDER_TASKS" />
21-->[androidx.fragment:fragment-testing:1.1.0-alpha07] AndroidManifest.xml:24:5-72
21-->[androidx.fragment:fragment-testing:1.1.0-alpha07] AndroidManifest.xml:24:22-69
22
23    <uses-feature
23-->[com.google.android.gms:play-services-maps:17.0.0] AndroidManifest.xml:26:5-28:35
24        android:glEsVersion="0x00020000"
24-->[com.google.android.gms:play-services-maps:17.0.0] AndroidManifest.xml:27:9-41
25        android:required="true" />
25-->[com.google.android.gms:play-services-maps:17.0.0] AndroidManifest.xml:28:9-32
26
27    <application
27-->src/main/AndroidManifest.xml:17:5-56:19
28        android:name="com.udacity.project4.MyApp"
28-->src/main/AndroidManifest.xml:18:9-30
29        android:allowBackup="true"
29-->src/main/AndroidManifest.xml:19:9-35
30        android:appComponentFactory="androidx.core.app.CoreComponentFactory"
30-->[androidx.core:core:1.3.0] AndroidManifest.xml:24:18-86
31        android:debuggable="true"
32        android:icon="@mipmap/ic_launcher"
32-->src/main/AndroidManifest.xml:20:9-43
33        android:label="@string/app_name"
33-->src/main/AndroidManifest.xml:21:9-41
34        android:roundIcon="@mipmap/ic_launcher_round"
34-->src/main/AndroidManifest.xml:22:9-54
35        android:supportsRtl="true"
35-->src/main/AndroidManifest.xml:23:9-35
36        android:testOnly="true"
37        android:theme="@style/AppTheme" >
37-->src/main/AndroidManifest.xml:24:9-40
38        <activity android:name="com.udacity.project4.locationreminders.ReminderDescriptionActivity" />
38-->src/main/AndroidManifest.xml:25:9-92
38-->src/main/AndroidManifest.xml:25:19-80
39        <!--
40             The API key for Google Maps-based APIs is defined as a string resource.
41             (See the file "res/values/google_maps_api.xml").
42             Note that the API key is linked to the encryption key used to sign the APK.
43             You need a different API key for each encryption key, including the release key that is used to
44             sign the APK for publishing.
45             You can define the keys for the debug and release targets in src/debug/ and src/release/.
46        -->
47        <meta-data
47-->src/main/AndroidManifest.xml:34:9-36:55
48            android:name="com.google.android.geo.API_KEY"
48-->src/main/AndroidManifest.xml:35:13-58
49            android:value="@string/google_maps_key" />
49-->src/main/AndroidManifest.xml:36:13-52
50
51        <activity android:name="com.udacity.project4.locationreminders.RemindersActivity" />
51-->src/main/AndroidManifest.xml:38:9-72
51-->src/main/AndroidManifest.xml:38:19-70
52        <activity android:name="com.udacity.project4.authentication.AuthenticationActivity" >
52-->src/main/AndroidManifest.xml:40:9-47:20
52-->src/main/AndroidManifest.xml:40:19-72
53            <intent-filter>
53-->src/main/AndroidManifest.xml:41:13-45:29
54                <action android:name="android.intent.action.MAIN" />
54-->src/main/AndroidManifest.xml:42:17-69
54-->src/main/AndroidManifest.xml:42:25-66
55
56                <category android:name="android.intent.category.LAUNCHER" />
56-->src/main/AndroidManifest.xml:44:17-77
56-->src/main/AndroidManifest.xml:44:27-74
57            </intent-filter>
58        </activity>
59
60        <receiver
60-->src/main/AndroidManifest.xml:48:9-51:39
61            android:name="com.udacity.project4.locationreminders.geofence.GeofenceBroadcastReceiver"
61-->src/main/AndroidManifest.xml:49:13-81
62            android:enabled="true"
62-->src/main/AndroidManifest.xml:50:13-35
63            android:exported="true" />
63-->src/main/AndroidManifest.xml:51:13-36
64
65        <service
65-->src/main/AndroidManifest.xml:52:9-55:72
66            android:name="com.udacity.project4.locationreminders.geofence.GeofenceTransitionsJobIntentService"
66-->src/main/AndroidManifest.xml:53:13-91
67            android:exported="true"
67-->src/main/AndroidManifest.xml:54:13-36
68            android:permission="android.permission.BIND_JOB_SERVICE" />
68-->src/main/AndroidManifest.xml:55:13-69
69
70        <meta-data
70-->[com.firebaseui:firebase-ui-auth:5.0.0] AndroidManifest.xml:16:9-18:69
71            android:name="com.google.android.gms.version"
71-->[com.firebaseui:firebase-ui-auth:5.0.0] AndroidManifest.xml:17:13-58
72            android:value="@integer/google_play_services_version" />
72-->[com.firebaseui:firebase-ui-auth:5.0.0] AndroidManifest.xml:18:13-66
73        <meta-data
73-->[com.firebaseui:firebase-ui-auth:5.0.0] AndroidManifest.xml:19:9-21:63
74            android:name="com.facebook.sdk.ApplicationId"
74-->[com.firebaseui:firebase-ui-auth:5.0.0] AndroidManifest.xml:20:13-58
75            android:value="@string/facebook_application_id" />
75-->[com.firebaseui:firebase-ui-auth:5.0.0] AndroidManifest.xml:21:13-60
76
77        <activity
77-->[com.firebaseui:firebase-ui-auth:5.0.0] AndroidManifest.xml:23:9-27:61
78            android:name="com.firebase.ui.auth.KickoffActivity"
78-->[com.firebaseui:firebase-ui-auth:5.0.0] AndroidManifest.xml:24:13-64
79            android:exported="false"
79-->[com.firebaseui:firebase-ui-auth:5.0.0] AndroidManifest.xml:25:13-37
80            android:label=""
80-->[com.firebaseui:firebase-ui-auth:5.0.0] AndroidManifest.xml:26:13-29
81            android:theme="@style/FirebaseUI.Transparent" />
81-->[com.firebaseui:firebase-ui-auth:5.0.0] AndroidManifest.xml:27:13-58
82        <activity
82-->[com.firebaseui:firebase-ui-auth:5.0.0] AndroidManifest.xml:28:9-32:61
83            android:name="com.firebase.ui.auth.ui.idp.SingleSignInActivity"
83-->[com.firebaseui:firebase-ui-auth:5.0.0] AndroidManifest.xml:29:13-76
84            android:exported="false"
84-->[com.firebaseui:firebase-ui-auth:5.0.0] AndroidManifest.xml:30:13-37
85            android:label=""
85-->[com.firebaseui:firebase-ui-auth:5.0.0] AndroidManifest.xml:31:13-29
86            android:theme="@style/FirebaseUI.Transparent" />
86-->[com.firebaseui:firebase-ui-auth:5.0.0] AndroidManifest.xml:32:13-58
87        <activity
87-->[com.firebaseui:firebase-ui-auth:5.0.0] AndroidManifest.xml:33:9-37:61
88            android:name="com.firebase.ui.auth.ui.credentials.CredentialSaveActivity"
88-->[com.firebaseui:firebase-ui-auth:5.0.0] AndroidManifest.xml:34:13-86
89            android:exported="false"
89-->[com.firebaseui:firebase-ui-auth:5.0.0] AndroidManifest.xml:35:13-37
90            android:label=""
90-->[com.firebaseui:firebase-ui-auth:5.0.0] AndroidManifest.xml:36:13-29
91            android:theme="@style/FirebaseUI.Transparent" />
91-->[com.firebaseui:firebase-ui-auth:5.0.0] AndroidManifest.xml:37:13-58
92        <activity
92-->[com.firebaseui:firebase-ui-auth:5.0.0] AndroidManifest.xml:38:9-42:58
93            android:name="com.firebase.ui.auth.ui.email.RecoverPasswordActivity"
93-->[com.firebaseui:firebase-ui-auth:5.0.0] AndroidManifest.xml:39:13-81
94            android:exported="false"
94-->[com.firebaseui:firebase-ui-auth:5.0.0] AndroidManifest.xml:40:13-37
95            android:label="@string/fui_title_recover_password_activity"
95-->[com.firebaseui:firebase-ui-auth:5.0.0] AndroidManifest.xml:41:13-72
96            android:windowSoftInputMode="adjustResize" />
96-->[com.firebaseui:firebase-ui-auth:5.0.0] AndroidManifest.xml:42:13-55
97        <activity
97-->[com.firebaseui:firebase-ui-auth:5.0.0] AndroidManifest.xml:43:9-47:58
98            android:name="com.firebase.ui.auth.ui.email.EmailActivity"
98-->[com.firebaseui:firebase-ui-auth:5.0.0] AndroidManifest.xml:44:13-71
99            android:exported="false"
99-->[com.firebaseui:firebase-ui-auth:5.0.0] AndroidManifest.xml:45:13-37
100            android:label="@string/fui_sign_in_default"
100-->[com.firebaseui:firebase-ui-auth:5.0.0] AndroidManifest.xml:46:13-56
101            android:windowSoftInputMode="adjustResize" />
101-->[com.firebaseui:firebase-ui-auth:5.0.0] AndroidManifest.xml:47:13-55
102        <activity
102-->[com.firebaseui:firebase-ui-auth:5.0.0] AndroidManifest.xml:48:9-52:77
103            android:name="com.firebase.ui.auth.ui.phone.PhoneActivity"
103-->[com.firebaseui:firebase-ui-auth:5.0.0] AndroidManifest.xml:49:13-71
104            android:exported="false"
104-->[com.firebaseui:firebase-ui-auth:5.0.0] AndroidManifest.xml:50:13-37
105            android:label="@string/fui_sign_in_with_phone_number"
105-->[com.firebaseui:firebase-ui-auth:5.0.0] AndroidManifest.xml:51:13-66
106            android:windowSoftInputMode="adjustResize|stateAlwaysVisible" />
106-->[com.firebaseui:firebase-ui-auth:5.0.0] AndroidManifest.xml:52:13-74
107        <activity
107-->[com.firebaseui:firebase-ui-auth:5.0.0] AndroidManifest.xml:53:9-57:58
108            android:name="com.firebase.ui.auth.ui.idp.WelcomeBackIdpPrompt"
108-->[com.firebaseui:firebase-ui-auth:5.0.0] AndroidManifest.xml:54:13-76
109            android:exported="false"
109-->[com.firebaseui:firebase-ui-auth:5.0.0] AndroidManifest.xml:55:13-37
110            android:label="@string/fui_title_welcome_back_idp_prompt"
110-->[com.firebaseui:firebase-ui-auth:5.0.0] AndroidManifest.xml:56:13-70
111            android:windowSoftInputMode="adjustResize" />
111-->[com.firebaseui:firebase-ui-auth:5.0.0] AndroidManifest.xml:57:13-55
112        <activity
112-->[com.firebaseui:firebase-ui-auth:5.0.0] AndroidManifest.xml:58:9-62:58
113            android:name="com.firebase.ui.auth.ui.email.WelcomeBackPasswordPrompt"
113-->[com.firebaseui:firebase-ui-auth:5.0.0] AndroidManifest.xml:59:13-83
114            android:exported="false"
114-->[com.firebaseui:firebase-ui-auth:5.0.0] AndroidManifest.xml:60:13-37
115            android:label="@string/fui_title_welcome_back_password_prompt"
115-->[com.firebaseui:firebase-ui-auth:5.0.0] AndroidManifest.xml:61:13-75
116            android:windowSoftInputMode="adjustResize" />
116-->[com.firebaseui:firebase-ui-auth:5.0.0] AndroidManifest.xml:62:13-55
117        <activity
117-->[com.firebaseui:firebase-ui-auth:5.0.0] AndroidManifest.xml:63:9-67:58
118            android:name="com.firebase.ui.auth.ui.email.WelcomeBackEmailLinkPrompt"
118-->[com.firebaseui:firebase-ui-auth:5.0.0] AndroidManifest.xml:64:13-84
119            android:exported="false"
119-->[com.firebaseui:firebase-ui-auth:5.0.0] AndroidManifest.xml:65:13-37
120            android:label="@string/fui_title_welcome_back_password_prompt"
120-->[com.firebaseui:firebase-ui-auth:5.0.0] AndroidManifest.xml:66:13-75
121            android:windowSoftInputMode="adjustResize" />
121-->[com.firebaseui:firebase-ui-auth:5.0.0] AndroidManifest.xml:67:13-55
122        <activity
122-->[com.firebaseui:firebase-ui-auth:5.0.0] AndroidManifest.xml:68:9-73:58
123            android:name="com.firebase.ui.auth.ui.email.EmailLinkCatcherActivity"
123-->[com.firebaseui:firebase-ui-auth:5.0.0] AndroidManifest.xml:69:13-82
124            android:exported="false"
124-->[com.firebaseui:firebase-ui-auth:5.0.0] AndroidManifest.xml:70:13-37
125            android:label=""
125-->[com.firebaseui:firebase-ui-auth:5.0.0] AndroidManifest.xml:71:13-29
126            android:theme="@style/FirebaseUI.Transparent"
126-->[com.firebaseui:firebase-ui-auth:5.0.0] AndroidManifest.xml:72:13-58
127            android:windowSoftInputMode="adjustResize" />
127-->[com.firebaseui:firebase-ui-auth:5.0.0] AndroidManifest.xml:73:13-55
128        <activity
128-->[com.firebaseui:firebase-ui-auth:5.0.0] AndroidManifest.xml:74:9-78:58
129            android:name="com.firebase.ui.auth.ui.email.EmailLinkErrorRecoveryActivity"
129-->[com.firebaseui:firebase-ui-auth:5.0.0] AndroidManifest.xml:75:13-88
130            android:exported="false"
130-->[com.firebaseui:firebase-ui-auth:5.0.0] AndroidManifest.xml:76:13-37
131            android:label="@string/fui_sign_in_default"
131-->[com.firebaseui:firebase-ui-auth:5.0.0] AndroidManifest.xml:77:13-56
132            android:windowSoftInputMode="adjustResize" />
132-->[com.firebaseui:firebase-ui-auth:5.0.0] AndroidManifest.xml:78:13-55
133        <activity
133-->[com.firebaseui:firebase-ui-auth:5.0.0] AndroidManifest.xml:79:9-82:65
134            android:name="com.firebase.ui.auth.ui.idp.AuthMethodPickerActivity"
134-->[com.firebaseui:firebase-ui-auth:5.0.0] AndroidManifest.xml:80:13-80
135            android:exported="false"
135-->[com.firebaseui:firebase-ui-auth:5.0.0] AndroidManifest.xml:81:13-37
136            android:label="@string/fui_default_toolbar_title" />
136-->[com.firebaseui:firebase-ui-auth:5.0.0] AndroidManifest.xml:82:13-62
137        <activity
137-->[com.firebaseui:firebase-ui-auth:5.0.0] AndroidManifest.xml:83:9-87:48
138            android:name="com.facebook.FacebookActivity"
138-->[com.firebaseui:firebase-ui-auth:5.0.0] AndroidManifest.xml:84:13-57
139            android:configChanges="keyboard|keyboardHidden|screenLayout|screenSize|orientation"
139-->[com.firebaseui:firebase-ui-auth:5.0.0] AndroidManifest.xml:85:13-96
140            android:label="@string/app_name" />
140-->[com.firebaseui:firebase-ui-auth:5.0.0] AndroidManifest.xml:86:13-45
141        <activity
141-->[com.firebaseui:firebase-ui-auth:5.0.0] AndroidManifest.xml:88:9-100:20
142            android:name="com.facebook.CustomTabActivity"
142-->[com.firebaseui:firebase-ui-auth:5.0.0] AndroidManifest.xml:89:13-58
143            android:exported="true" >
143-->[com.firebaseui:firebase-ui-auth:5.0.0] AndroidManifest.xml:90:13-36
144            <intent-filter>
144-->[com.firebaseui:firebase-ui-auth:5.0.0] AndroidManifest.xml:92:13-99:29
145                <action android:name="android.intent.action.VIEW" />
145-->[com.firebaseui:firebase-ui-auth:5.0.0] AndroidManifest.xml:93:17-69
145-->[com.firebaseui:firebase-ui-auth:5.0.0] AndroidManifest.xml:93:25-66
146
147                <category android:name="android.intent.category.DEFAULT" />
147-->[com.firebaseui:firebase-ui-auth:5.0.0] AndroidManifest.xml:95:17-76
147-->[com.firebaseui:firebase-ui-auth:5.0.0] AndroidManifest.xml:95:27-73
148                <category android:name="android.intent.category.BROWSABLE" />
148-->[com.firebaseui:firebase-ui-auth:5.0.0] AndroidManifest.xml:96:17-78
148-->[com.firebaseui:firebase-ui-auth:5.0.0] AndroidManifest.xml:96:27-75
149
150                <data android:scheme="@string/facebook_login_protocol_scheme" />
150-->[com.firebaseui:firebase-ui-auth:5.0.0] AndroidManifest.xml:98:17-81
150-->[com.firebaseui:firebase-ui-auth:5.0.0] AndroidManifest.xml:98:23-78
151            </intent-filter>
152        </activity>
153
154        <provider
154-->[com.firebaseui:firebase-ui-auth:5.0.0] AndroidManifest.xml:102:9-106:38
155            android:name="com.firebase.ui.auth.data.client.AuthUiInitProvider"
155-->[com.firebaseui:firebase-ui-auth:5.0.0] AndroidManifest.xml:103:13-79
156            android:authorities="com.udacity.mytodo.authuiinitprovider"
156-->[com.firebaseui:firebase-ui-auth:5.0.0] AndroidManifest.xml:104:13-70
157            android:exported="false"
157-->[com.firebaseui:firebase-ui-auth:5.0.0] AndroidManifest.xml:105:13-37
158            android:initOrder="90" />
158-->[com.firebaseui:firebase-ui-auth:5.0.0] AndroidManifest.xml:106:13-35
159
160        <activity
160-->[androidx.fragment:fragment-testing:1.1.0-alpha07] AndroidManifest.xml:27:9-36:20
161            android:name="androidx.fragment.app.testing.FragmentScenario$EmptyFragmentActivity"
161-->[androidx.fragment:fragment-testing:1.1.0-alpha07] AndroidManifest.xml:28:13-96
162            android:exported="true"
162-->[androidx.fragment:fragment-testing:1.1.0-alpha07] AndroidManifest.xml:29:13-36
163            android:multiprocess="true"
163-->[androidx.fragment:fragment-testing:1.1.0-alpha07] AndroidManifest.xml:30:13-40
164            android:taskAffinity=""
164-->[androidx.fragment:fragment-testing:1.1.0-alpha07] AndroidManifest.xml:31:13-36
165            android:theme="@style/FragmentScenarioEmptyFragmentActivityTheme" >
165-->[androidx.fragment:fragment-testing:1.1.0-alpha07] AndroidManifest.xml:32:13-78
166            <intent-filter>
166-->[androidx.fragment:fragment-testing:1.1.0-alpha07] AndroidManifest.xml:33:13-35:29
167                <action android:name="android.intent.action.MAIN" />
167-->src/main/AndroidManifest.xml:42:17-69
167-->src/main/AndroidManifest.xml:42:25-66
168            </intent-filter>
169        </activity>
170        <activity
170-->[androidx.test:core:1.2.0-beta01] AndroidManifest.xml:27:9-33:20
171            android:name="androidx.test.core.app.InstrumentationActivityInvoker$BootstrapActivity"
171-->[androidx.test:core:1.2.0-beta01] AndroidManifest.xml:28:13-99
172            android:theme="@android:style/Theme" >
172-->[androidx.test:core:1.2.0-beta01] AndroidManifest.xml:29:13-49
173            <intent-filter>
173-->[androidx.fragment:fragment-testing:1.1.0-alpha07] AndroidManifest.xml:33:13-35:29
174                <action android:name="android.intent.action.MAIN" />
174-->src/main/AndroidManifest.xml:42:17-69
174-->src/main/AndroidManifest.xml:42:25-66
175            </intent-filter>
176        </activity>
177        <activity
177-->[androidx.test:core:1.2.0-beta01] AndroidManifest.xml:34:9-40:20
178            android:name="androidx.test.core.app.InstrumentationActivityInvoker$EmptyActivity"
178-->[androidx.test:core:1.2.0-beta01] AndroidManifest.xml:35:13-95
179            android:theme="@android:style/Theme" >
179-->[androidx.test:core:1.2.0-beta01] AndroidManifest.xml:36:13-49
180            <intent-filter>
180-->[androidx.fragment:fragment-testing:1.1.0-alpha07] AndroidManifest.xml:33:13-35:29
181                <action android:name="android.intent.action.MAIN" />
181-->src/main/AndroidManifest.xml:42:17-69
181-->src/main/AndroidManifest.xml:42:25-66
182            </intent-filter>
183        </activity>
184        <activity
184-->[androidx.test:core:1.2.0-beta01] AndroidManifest.xml:41:9-47:20
185            android:name="androidx.test.core.app.InstrumentationActivityInvoker$EmptyFloatingActivity"
185-->[androidx.test:core:1.2.0-beta01] AndroidManifest.xml:42:13-103
186            android:theme="@android:style/Theme.Dialog" >
186-->[androidx.test:core:1.2.0-beta01] AndroidManifest.xml:43:13-56
187            <intent-filter>
187-->[androidx.fragment:fragment-testing:1.1.0-alpha07] AndroidManifest.xml:33:13-35:29
188                <action android:name="android.intent.action.MAIN" />
188-->src/main/AndroidManifest.xml:42:17-69
188-->src/main/AndroidManifest.xml:42:25-66
189            </intent-filter>
190        </activity> <!-- Needs to be explicitly declared on P+ -->
191        <uses-library
191-->[com.google.android.gms:play-services-maps:17.0.0] AndroidManifest.xml:33:9-35:40
192            android:name="org.apache.http.legacy"
192-->[com.google.android.gms:play-services-maps:17.0.0] AndroidManifest.xml:34:13-50
193            android:required="false" />
193-->[com.google.android.gms:play-services-maps:17.0.0] AndroidManifest.xml:35:13-37
194
195        <activity
195-->[com.google.firebase:firebase-auth:17.0.0] AndroidManifest.xml:24:9-31:50
196            android:name="com.google.firebase.auth.internal.FederatedSignInActivity"
196-->[com.google.firebase:firebase-auth:17.0.0] AndroidManifest.xml:25:13-85
197            android:excludeFromRecents="true"
197-->[com.google.firebase:firebase-auth:17.0.0] AndroidManifest.xml:26:13-46
198            android:exported="true"
198-->[com.google.firebase:firebase-auth:17.0.0] AndroidManifest.xml:27:13-36
199            android:launchMode="singleTask"
199-->[com.google.firebase:firebase-auth:17.0.0] AndroidManifest.xml:28:13-44
200            android:permission="com.google.firebase.auth.api.gms.permission.LAUNCH_FEDERATED_SIGN_IN"
200-->[com.google.firebase:firebase-auth:17.0.0] AndroidManifest.xml:29:13-102
201            android:theme="@android:style/Theme.Translucent.NoTitleBar" />
201-->[com.google.firebase:firebase-auth:17.0.0] AndroidManifest.xml:30:13-72
202
203        <service
203-->[com.google.firebase:firebase-auth:17.0.0] AndroidManifest.xml:33:9-39:19
204            android:name="com.google.firebase.components.ComponentDiscoveryService"
204-->[com.google.firebase:firebase-auth:17.0.0] AndroidManifest.xml:34:13-84
205            android:exported="false" >
205-->[com.google.firebase:firebase-auth:17.0.0] AndroidManifest.xml:35:13-37
206            <meta-data
206-->[com.google.firebase:firebase-auth:17.0.0] AndroidManifest.xml:36:13-38:85
207                android:name="com.google.firebase.components:com.google.firebase.auth.FirebaseAuthRegistrar"
207-->[com.google.firebase:firebase-auth:17.0.0] AndroidManifest.xml:37:17-109
208                android:value="com.google.firebase.components.ComponentRegistrar" />
208-->[com.google.firebase:firebase-auth:17.0.0] AndroidManifest.xml:38:17-82
209        </service>
210
211        <activity
211-->[com.google.android.gms:play-services-auth:16.0.1] AndroidManifest.xml:23:9-27:75
212            android:name="com.google.android.gms.auth.api.signin.internal.SignInHubActivity"
212-->[com.google.android.gms:play-services-auth:16.0.1] AndroidManifest.xml:24:13-93
213            android:excludeFromRecents="true"
213-->[com.google.android.gms:play-services-auth:16.0.1] AndroidManifest.xml:25:13-46
214            android:exported="false"
214-->[com.google.android.gms:play-services-auth:16.0.1] AndroidManifest.xml:26:13-37
215            android:theme="@android:style/Theme.Translucent.NoTitleBar" />
215-->[com.google.android.gms:play-services-auth:16.0.1] AndroidManifest.xml:27:13-72
216        <!--
217            Service handling Google Sign-In user revocation. For apps that do not integrate with
218            Google Sign-In, this service will never be started.
219        -->
220        <service
220-->[com.google.android.gms:play-services-auth:16.0.1] AndroidManifest.xml:33:9-36:110
221            android:name="com.google.android.gms.auth.api.signin.RevocationBoundService"
221-->[com.google.android.gms:play-services-auth:16.0.1] AndroidManifest.xml:34:13-89
222            android:exported="true"
222-->[com.google.android.gms:play-services-auth:16.0.1] AndroidManifest.xml:35:13-36
223            android:permission="com.google.android.gms.auth.api.signin.permission.REVOCATION_NOTIFICATION" />
223-->[com.google.android.gms:play-services-auth:16.0.1] AndroidManifest.xml:36:13-107
224
225        <activity
225-->[com.google.android.gms:play-services-base:17.0.0] AndroidManifest.xml:23:9-26:75
226            android:name="com.google.android.gms.common.api.GoogleApiActivity"
226-->[com.google.android.gms:play-services-base:17.0.0] AndroidManifest.xml:24:13-79
227            android:exported="false"
227-->[com.google.android.gms:play-services-base:17.0.0] AndroidManifest.xml:25:13-37
228            android:theme="@android:style/Theme.Translucent.NoTitleBar" />
228-->[com.google.android.gms:play-services-base:17.0.0] AndroidManifest.xml:26:13-72
229
230        <provider
230-->[com.google.firebase:firebase-common:17.0.0] AndroidManifest.xml:12:9-16:39
231            android:name="com.google.firebase.provider.FirebaseInitProvider"
231-->[com.google.firebase:firebase-common:17.0.0] AndroidManifest.xml:13:13-77
232            android:authorities="com.udacity.mytodo.firebaseinitprovider"
232-->[com.google.firebase:firebase-common:17.0.0] AndroidManifest.xml:14:13-72
233            android:exported="false"
233-->[com.google.firebase:firebase-common:17.0.0] AndroidManifest.xml:15:13-37
234            android:initOrder="100" />
234-->[com.google.firebase:firebase-common:17.0.0] AndroidManifest.xml:16:13-36
235        <provider
235-->[androidx.lifecycle:lifecycle-process:2.2.0] AndroidManifest.xml:25:9-29:43
236            android:name="androidx.lifecycle.ProcessLifecycleOwnerInitializer"
236-->[androidx.lifecycle:lifecycle-process:2.2.0] AndroidManifest.xml:26:13-79
237            android:authorities="com.udacity.mytodo.lifecycle-process"
237-->[androidx.lifecycle:lifecycle-process:2.2.0] AndroidManifest.xml:27:13-69
238            android:exported="false"
238-->[androidx.lifecycle:lifecycle-process:2.2.0] AndroidManifest.xml:28:13-37
239            android:multiprocess="true" />
239-->[androidx.lifecycle:lifecycle-process:2.2.0] AndroidManifest.xml:29:13-40
240
241        <service
241-->[androidx.room:room-runtime:2.2.5] AndroidManifest.xml:25:9-28:40
242            android:name="androidx.room.MultiInstanceInvalidationService"
242-->[androidx.room:room-runtime:2.2.5] AndroidManifest.xml:26:13-74
243            android:directBootAware="true"
243-->[androidx.room:room-runtime:2.2.5] AndroidManifest.xml:27:13-43
244            android:exported="false" />
244-->[androidx.room:room-runtime:2.2.5] AndroidManifest.xml:28:13-37
245    </application>
246
247</manifest>